Running Dreamer with 3 agents...
5, 0, -11.947524239543004, 362, False
5, 1, -21.980482081825965, 39, False
5, 2, -3.75368774888928, 334, False
5, 3, -9.474892720949233, 457, False
5, 4, -11.607024672311757, 285, False
5, 5, -1.985340077311901, 316, False
5, 6, -21.98441012785044, 476, False
5, 7, -4.957730764811108, 295, False
5, 8, -13.530538655061797, 96, False
5, 9, -2.5160976894715055, 218, False
5, 10, -17.8868211749373, 62, False
5, 11, -1.6242320106153891, 244, False
5, 12, -21.3940962703949, 127, False
5, 13, 0.05852027693347779, 220, False
5, 14, -8.737471394722112, 153, False
5, 15, 1.006259707035044, 331, False
5, 16, -1.4194697671982524, 206, False
5, 17, -19.702509400021434, 52, False
5, 18, -18.6924244168057, 222, False
5, 19, -21.320156201980048, 55, False
5, 20, 2.9468476629587457, 202, False
5, 21, 3.1615059310308844, 191, False
5, 22, -2.9253905615900555, 336, False
5, 23, -2.3781840844056537, 182, False
5, 24, -11.128040133491208, 635, False
5, 25, -0.7517025980019559, 238, False
5, 26, -11.826123760205997, 626, False
5, 27, -22.363235764424743, 79, False
5, 28, -21.405701370531155, 49, False
5, 29, -11.32227616676339, 406, False
5, 30, -1.95601944729301, 325, False
5, 31, -9.691052230064736, 297, False
5, 32, -20.278854479183238, 53, False
5, 33, -1.5822361641855225, 184, False
5, 34, -12.257439936647101, 342, False
5, 35, -7.190651580331883, 274, False
5, 36, -21.729543906311772, 179, False
5, 37, -10.09814656241942, 285, False
5, 38, -0.24362010019175648, 277, False
5, 39, -18.38453449837124, 355, False
5, 40, -15.157001758963272, 180, False
5, 41, -4.711762674386038, 305, False
5, 42, -24.808954595796123, 69, False
5, 43, 0.7281895848199014, 641, False
5, 44, 0.3570481977012809, 183, False
5, 45, -18.91590319650042, 56, False
5, 46, -8.854067475844552, 275, False
5, 47, -22.022222479978897, 88, False
5, 48, -5.303625667707232, 349, False
5, 49, -8.23110254551639, 225, False
5, 50, -6.811019514950846, 370, False
5, 51, 1.119902657295231, 458, False
5, 52, -1.087719059652121, 238, False
5, 53, -8.967753030159255, 372, False
5, 54, -6.19373326889367, 238, False
5, 55, -0.9863403332099626, 264, False
5, 56, -15.249329182755606, 100, False
5, 57, -18.12112075898644, 125, False
5, 58, -13.85295701895403, 508, False
5, 59, -8.71166593042666, 249, False
5, 60, -2.312402926361077, 263, False
5, 61, -30.173104855867287, 47, False
5, 62, -30.060015996249096, 44, False
5, 63, -15.685000188858146, 264, False
5, 64, -20.8625631990707, 455, False
5, 65, -2.367932610549939, 268, False
5, 66, -22.953321759960733, 53, False
5, 67, -15.80277327193747, 298, False
5, 68, -6.372498664661441, 233, False
5, 69, -10.160538602020655, 277, False
5, 70, 3.6526413930509367, 209, False
5, 71, -9.978361657433192, 309, False
5, 72, -4.604425414829502, 185, False
5, 73, 2.521917156271662, 229, False
5, 74, -4.339601017561311, 316, False
5, 75, -14.020701114837822, 290, False
5, 76, -22.187941093720138, 50, False
5, 77, -31.11484838074816, 228, False
5, 78, 1.5900556185433756, 210, False
5, 79, -21.374371057141918, 279, False
5, 80, -18.72140975721094, 60, False
5, 81, -30.212019656056253, 137, False
5, 82, -6.351392866055953, 312, False
5, 83, -6.698273170740305, 376, False
5, 84, -7.99306219759301, 225, False
5, 85, -1.563975745300203, 223, False
5, 86, -17.3703794245712, 52, False
5, 87, -0.2831092008468037, 219, False
5, 88, -2.0836141935646006, 307, False
5, 89, -6.032913429926874, 171, False
5, 90, -11.634988761448614, 248, False
5, 91, -0.2733183441880906, 312, False
5, 92, -3.394669286079737, 227, False
5, 93, -26.274702243056627, 69, False
5, 94, -1.3982173404532312, 273, False
5, 95, -26.520059424981454, 51, False
5, 96, -19.907695017398286, 46, False
5, 97, 2.3981098745468543, 279, False
5, 98, -26.46276401783988, 87, False
5, 99, -1.7305086208065228, 274, False
5, 100, -1.23960642482664, 297, False
5, 101, -13.092449829300733, 142, False
5, 102, -17.39894548542347, 58, False
5, 103, -9.374408476823845, 218, False
5, 104, 2.4733902890398194, 282, False
5, 105, -20.749148753941068, 191, False
5, 106, -18.548959544598365, 62, False
5, 107, 0.5978361037020478, 248, False
5, 108, -9.089711832822074, 249, False
5, 109, -3.0866883809903487, 321, False
5, 110, -22.568478433583902, 48, False
5, 111, -14.956066552355306, 253, False
5, 112, -17.88842347387548, 52, False
5, 113, -8.858919508077737, 274, False
5, 114, -2.8683528441953476, 297, False
5, 115, -0.19982698928138298, 236, False
5, 116, -19.298814599822514, 228, False
5, 117, -1.034590936241833, 271, False
5, 118, -6.057916664954449, 803, False
5, 119, -18.164565633334732, 110, False
5, 120, -11.272754516010917, 313, False
5, 121, -21.566205106230193, 35, False
5, 122, -11.789785031681076, 323, False
5, 123, -20.162194923136042, 420, False
5, 124, -10.588627191106077, 192, False
5, 125, -1.5537377771147176, 264, False
5, 126, -10.615666048469246, 395, False
5, 127, -4.264503079171839, 211, False
5, 128, -11.078640983969654, 303, False
5, 129, 0.07883844138176528, 245, False
5, 130, 2.5376925943990623, 240, False
5, 131, -0.46306886328676433, 289, False
5, 132, 1.11850773218311, 247, False
5, 133, -19.829690452159902, 264, False
5, 134, -13.138018941910335, 106, False
5, 135, -15.271749519716517, 247, False
5, 136, -13.222200225524412, 342, False
5, 137, -17.41531943242001, 505, False
5, 138, -26.307238054552304, 159, False
5, 139, -3.378156273931072, 315, False
5, 140, -17.79189231928577, 81, False
5, 141, -11.27452658778046, 258, False
5, 142, -21.509527808300977, 41, False
5, 143, -10.670183842140199, 466, False
5, 144, -10.15575136684643, 338, False
5, 145, -29.06271232240994, 64, False
5, 146, -12.97799362244253, 116, False
5, 147, -16.15433859644631, 58, False
5, 148, -13.3952393653873, 120, False
5, 149, -5.077607852043008, 275, False
5, 150, -29.861855777828463, 65, False
5, 151, -24.28364477886741, 71, False
5, 152, -4.271417961018487, 314, False
5, 153, -12.772018288587876, 486, False
5, 154, -4.765419200550284, 476, False
5, 155, -23.755187889188374, 35, False
5, 156, -20.756971371083605, 76, False
5, 157, -3.863477584577498, 235, False
5, 158, -19.241985737079013, 270, False
5, 159, -9.937676442471847, 208, False
5, 160, -25.111515903876793, 35, False
5, 161, -7.078372961273406, 480, False
5, 162, -23.749577304937574, 340, False
5, 163, -7.37256982146357, 311, False
5, 164, -24.85690456793986, 60, False
5, 165, -13.660521079528566, 340, False
5, 166, -14.451297338125292, 89, False
5, 167, -2.9039784326807294, 264, False
5, 168, -23.138233569175508, 56, False
5, 169, -22.296042166640778, 87, False
5, 170, -2.190438330334662, 335, False
5, 171, -2.111327626639757, 311, False
5, 172, -20.016186470508075, 262, False
5, 173, -14.906621018601165, 248, False
5, 174, -3.373343101870499, 310, False
5, 175, -12.75147054041794, 115, False
5, 176, -12.346869201180235, 165, False
5, 177, -6.066611367357345, 447, False
5, 178, -2.852531004857249, 379, False
5, 179, -9.596366013360901, 281, False
5, 180, -24.52592744923286, 44, False
5, 181, -8.241101265195189, 453, False
5, 182, -2.88328542331432, 508, False
5, 183, -14.668599149027639, 322, False
5, 184, -22.942405273157465, 149, False
5, 185, -1.199982521343998, 279, False
5, 186, -9.23198073726025, 307, False
5, 187, -22.99911686247729, 36, False
5, 188, -0.534553347453985, 293, False
5, 189, 0.32484405886266976, 311, False
5, 190, -21.966479865052783, 53, False
5, 191, -1.616887527279364, 298, False
5, 192, 1.4531237581203162, 261, False
5, 193, -8.924457494067042, 588, False
5, 194, -6.253666530061086, 364, False
5, 195, -21.372452866841805, 45, False
5, 196, -11.906946050796453, 197, False
5, 197, -13.507394205756126, 209, False
5, 198, -7.836015440726883, 403, False
5, 199, -0.80038361332528, 310, False
10, 0, -9.864454650956953, 928, False
10, 1, -2.967843756737, 320, False
10, 2, -7.330334006381876, 225, False
10, 3, -9.505585192697495, 244, False
10, 4, 1.423342566263639, 381, False
10, 5, -14.684396110981256, 78, False
10, 6, 0.39304099284670413, 245, False
10, 7, 1.257741952608655, 198, False
10, 8, 1.4393524677820444, 168, False
10, 9, -24.54975076746539, 64, False
10, 10, -24.604841932091492, 76, False
10, 11, -21.958397068178986, 58, False
10, 12, 1.1563607205081967, 248, False
10, 13, -8.132993426974856, 318, False
10, 14, -7.131996609818506, 283, False
10, 15, -7.336975071447468, 261, False
10, 16, -7.9327202419870035, 208, False
10, 17, -4.351473506569931, 240, False
10, 18, -23.23821238988871, 58, False
10, 19, -0.8669076823333206, 230, False
10, 20, -1.3879034084004824, 304, False
10, 21, -21.042267282079727, 58, False
10, 22, -9.638662459998256, 348, False
10, 23, 1.862447951675659, 478, False
10, 24, -3.9651978681405993, 234, False
10, 25, -29.309373228989934, 76, False
10, 26, -17.53968194703321, 108, False
10, 27, -11.155422456722905, 357, False
10, 28, -8.495139959859216, 291, False
10, 29, 2.081861853029538, 242, False
10, 30, -4.851240838543513, 335, False
10, 31, -12.051756320664916, 493, False
10, 32, -5.070612391567523, 230, False
10, 33, -22.713698064493297, 45, False
10, 34, 0.603415464233236, 261, False
10, 35, -20.63014172480917, 150, False
10, 36, -15.244398656072429, 412, False
10, 37, -6.879896654202037, 268, False
10, 38, -10.100541858514521, 275, False
10, 39, -19.369966900009008, 61, False
10, 40, -0.028286450247204047, 180, False
10, 41, -21.756664170477755, 81, False
10, 42, -13.778676566683341, 265, False
10, 43, -0.2539712705036283, 335, False
10, 44, -8.6504389094856, 309, False
10, 45, 2.3281844707959727, 237, False
10, 46, -5.653498155512257, 326, False
10, 47, -3.346397192272902, 320, False
10, 48, -25.811519230206933, 119, False
10, 49, -3.1069545038039577, 284, False
10, 50, -2.0114867829234067, 391, False
10, 51, -1.3941301777678334, 291, False
10, 52, -15.595320447538764, 65, False
10, 53, 0.9629079838695542, 220, False
10, 54, -9.923543379288354, 275, False
10, 55, -24.2859430311299, 42, False
10, 56, -5.660252257775951, 399, False
10, 57, -8.549163273140923, 248, False
10, 58, -4.223209657742168, 313, False
10, 59, -18.193729076589552, 213, False
10, 60, -27.45336771379041, 98, False
10, 61, -3.648498069935568, 738, False
10, 62, -12.96492090721526, 1110, False
10, 63, -24.850517478014865, 55, False
10, 64, 1.229166334493558, 270, False
10, 65, 0.6784376577181921, 196, False
10, 66, -4.908183144114069, 219, False
10, 67, -14.698883112799887, 391, False
10, 68, -18.589944151288424, 136, False
10, 69, -20.800330696972765, 41, False
10, 70, -2.517525699746828, 256, False
10, 71, -3.483532234297711, 241, False
10, 72, -10.734672750426288, 739, False
10, 73, -1.8527692792837323, 217, False
10, 74, 0.5807211636075641, 181, False
10, 75, -6.992581210575207, 334, False
10, 76, -38.080279920970156, 91, False
10, 77, -24.3138605054293, 67, False
10, 78, -16.238693303271152, 256, False
10, 79, -23.169047375393447, 64, False
10, 80, -4.097254119488129, 308, False
10, 81, -22.490098617425147, 90, False
10, 82, -2.166576889002599, 294, False
10, 83, -1.8780881277042598, 309, False
10, 84, -3.500297189773921, 347, False
10, 85, -15.253001842446373, 330, False
10, 86, -15.507974641960166, 75, False
10, 87, 1.4423800792502386, 166, False
10, 88, -2.269013333517817, 291, False
10, 89, -9.158327493552937, 355, False
10, 90, -5.2936613298968656, 407, False
10, 91, -14.80607826728734, 205, False
10, 92, -14.522687855600607, 426, False
10, 93, -21.222954947048557, 45, False
10, 94, -20.283181364002033, 235, False
10, 95, -27.009544709338535, 63, False
10, 96, -20.706847424206465, 500, False
10, 97, -3.642183581892524, 321, False
10, 98, 0.9728137197685914, 227, False
10, 99, -4.027162769927345, 207, False
10, 100, -13.211161709234469, 213, False
10, 101, -1.0822582596670192, 298, False
10, 102, -6.512323448116045, 371, False
10, 103, -2.1108181092244998, 295, False
10, 104, -0.9454182635468714, 244, False
10, 105, -15.53162318665757, 134, False
10, 106, -1.7055855425285384, 281, False
10, 107, -17.359336939622516, 73, False
10, 108, -12.168440720773836, 277, False
10, 109, -24.034569439618206, 65, False
10, 110, -0.9484985877878994, 273, False
10, 111, -18.247794077898472, 91, False
10, 112, -0.9158465437398131, 232, False
10, 113, -12.76105224916681, 316, False
10, 114, 1.0089194278372866, 224, False
10, 115, 0.10978957246205498, 266, False
10, 116, 0.4127144045563381, 276, False
10, 117, -2.9055279491001262, 258, False
10, 118, -21.3798239410449, 55, False
10, 119, -8.362064866576127, 242, False
10, 120, -15.562729052935898, 740, False
10, 121, -9.165548631508207, 398, False
10, 122, -11.102673322993812, 355, False
10, 123, -10.39143183930548, 339, False
10, 124, -13.52377550425186, 400, False
10, 125, -0.881499194742214, 237, False
10, 126, -14.73487737417699, 1425, False
10, 127, 0.6778865709271895, 233, False
10, 128, -22.462743112401565, 36, False
10, 129, 0.20552291148279317, 239, False
10, 130, -7.290077184356579, 322, False
10, 131, 0.6207164304956996, 222, False
10, 132, 0.9938200911487726, 235, False
10, 133, -17.39331867443686, 47, False
10, 134, -12.445837962474792, 282, False
10, 135, -6.590484303973424, 314, False
10, 136, -39.898864007028486, 172, False
10, 137, -11.034811229569964, 156, False
10, 138, -20.477720435805434, 72, False
10, 139, -20.386310863027752, 66, False
10, 140, -17.926154201299013, 52, False
10, 141, -0.1442231038881515, 194, False
10, 142, -17.68356074844503, 1046, False
10, 143, -13.29184686762585, 326, False
10, 144, 2.5467804096014293, 243, False
10, 145, -6.3115147670183545, 222, False
10, 146, -17.80763574768949, 350, False
10, 147, -10.23989884066634, 454, False
10, 148, -13.348346224077162, 347, False
10, 149, -5.973840731408033, 212, False
10, 150, -22.989597215143306, 45, False
10, 151, -26.358060910103532, 44, False
10, 152, -2.910936807609486, 227, False
10, 153, -26.25836458745568, 87, False
10, 154, -0.6560607736214504, 261, False
10, 155, -21.4488066631277, 52, False
10, 156, -1.943960681120004, 189, False
10, 157, -0.9070583387702803, 219, False
10, 158, -6.527664630193478, 352, False
10, 159, -4.0728969592098725, 307, False
10, 160, -26.42557711793733, 68, False
10, 161, -23.792104504400193, 36, False
10, 162, 0.570727157984459, 231, False
10, 163, -6.191883603152352, 204, False
10, 164, -10.527289142375293, 555, False
10, 165, -15.375865020930243, 121, False
10, 166, -6.607995506920581, 333, False
10, 167, -25.95760981169558, 94, False
10, 168, -16.132561804427954, 284, False
10, 169, -19.31080503270214, 117, False
10, 170, -9.394691325071502, 216, False
10, 171, -10.745046154221797, 253, False
10, 172, -7.086422112452851, 380, False
10, 173, -25.00903893283834, 75, False
10, 174, -11.839670430280197, 112, False
10, 175, 3.707896410765868, 171, False
10, 176, -4.678139743393729, 418, False
10, 177, -5.832573602419962, 255, False
10, 178, -3.229865698655353, 237, False
10, 179, -6.426241711877375, 294, False
10, 180, -4.0345000544384275, 242, False
10, 181, -25.49854180313194, 120, False
10, 182, -13.727150070820773, 510, False
10, 183, -26.285675212281223, 85, False
10, 184, 0.27059492551821346, 379, False
10, 185, 2.180281699936934, 213, False
10, 186, -3.855100145725923, 297, False
10, 187, -15.118456223204667, 220, False
10, 188, -15.288877174242597, 117, False
10, 189, -23.520309535758273, 386, False
10, 190, -15.000209648816995, 90, False
10, 191, 1.350459418086987, 210, False
10, 192, -11.753912790995741, 233, False
10, 193, -21.224307407434747, 41, False
10, 194, -6.524343124303379, 340, False
10, 195, -20.598262749563823, 66, False
10, 196, -20.829970414313884, 268, False
10, 197, -1.132671264479989, 316, False
10, 198, 0.6448584560964586, 241, False
10, 199, -11.939051299815818, 300, False
15, 0, -22.176139474106748, 56, False
15, 1, -12.7023687549267, 372, False
15, 2, -4.858198299750242, 421, False
15, 3, -9.017241519424458, 447, False
15, 4, -0.1974540965966663, 275, False
15, 5, 0.5713278680599786, 193, False
15, 6, -18.086555859005426, 47, False
15, 7, -15.415514229378813, 158, False
15, 8, 2.732022145173455, 249, False
15, 9, -16.46141833199347, 406, False
15, 10, -10.046923586448056, 250, False
15, 11, 0.810969678794466, 213, False
15, 12, -19.869342813475114, 55, False
15, 13, -18.66985384273473, 44, False
15, 14, -21.40943842545208, 60, False
15, 15, -10.683927142346418, 283, False
15, 16, -23.587990209193908, 54, False
15, 17, -14.037395402671839, 190, False
15, 18, -4.835813752617402, 212, False
15, 19, -3.9554652598017803, 289, False
15, 20, -19.913119853796946, 64, False
15, 21, -18.768250255498145, 256, False
15, 22, -14.110151568266804, 248, False
15, 23, -1.9698234444944664, 237, False
15, 24, -24.613964780779156, 280, False
15, 25, 1.5084137780868108, 210, False
15, 26, -39.235004946260474, 96, False
15, 27, -22.477305030752344, 46, False
15, 28, -1.02127318504388, 279, False
15, 29, -6.561212668988323, 292, False
15, 30, -17.680626692498915, 398, False
15, 31, -3.1473899662654072, 257, False
15, 32, -16.617762167919285, 317, False
15, 33, -6.669929671016471, 394, False
15, 34, -19.720024346304243, 41, False
15, 35, -15.10629204603244, 318, False
15, 36, -8.30251143825858, 741, False
15, 37, -27.905828352807855, 46, False
15, 38, -1.9476417342140282, 217, False
15, 39, -16.24402874591578, 226, False
15, 40, -25.732549028656916, 63, False
15, 41, -22.764493471092543, 49, False
15, 42, -19.994033856481902, 49, False
15, 43, -4.477561314160283, 331, False
15, 44, -0.6196538070637392, 279, False
15, 45, 2.399692633098422, 183, False
15, 46, -0.9340375377001413, 292, False
15, 47, -19.260177662052488, 352, False
15, 48, -0.8652129971563162, 197, False
15, 49, 0.8784985557750197, 228, False
15, 50, -3.8903676893745582, 247, False
15, 51, -2.6651496070705263, 329, False
15, 52, -26.598512867439318, 582, False
15, 53, -20.561664401534156, 66, False
15, 54, -7.488504474569401, 232, False
15, 55, 1.1988643276415962, 214, False
15, 56, -3.350736021473356, 285, False
15, 57, -7.018306754405444, 404, False
15, 58, -1.5987367978902465, 310, False
15, 59, -20.031711623787427, 45, False
15, 60, -27.718768527005956, 61, False
15, 61, -11.242405105714735, 345, False
15, 62, -3.9225160514770403, 456, False
15, 63, -27.461678337051474, 42, False
15, 64, -1.491772941700065, 216, False
15, 65, -13.852874143685586, 353, False
15, 66, -19.39135910163396, 62, False
15, 67, -16.544928567647364, 390, False
15, 68, -3.195476041984068, 295, False
15, 69, -10.923598917483819, 580, False
15, 70, -22.564018324463742, 76, False
15, 71, -14.87608027655626, 371, False
15, 72, -18.758480072407252, 98, False
15, 73, -12.469256518037414, 197, False
15, 74, -9.756139840034756, 632, False
15, 75, -19.331847883687725, 318, False
15, 76, -0.5526682259861131, 307, False
15, 77, -1.5037271360217226, 286, False
15, 78, -13.864812892879263, 352, False
15, 79, -21.729297714295047, 73, False
15, 80, -8.030173062136397, 250, False
15, 81, -6.880719746737957, 376, False
15, 82, -0.25408230397052733, 267, False
15, 83, -6.903726768886068, 462, False
15, 84, -20.428022894268853, 47, False
15, 85, -17.111549462031977, 231, False
15, 86, -16.79189634144409, 266, False
15, 87, -16.188323816845653, 228, False
15, 88, -15.89027788390369, 331, False
15, 89, -1.713374152689551, 328, False
15, 90, -21.184037189850496, 170, False
15, 91, -21.89925550728866, 46, False
15, 92, -11.279632478359844, 294, False
15, 93, -23.09588957833215, 37, False
15, 94, -8.025637933954052, 1691, False
15, 95, -26.09611974570708, 64, False
15, 96, -17.945469018041422, 347, False
15, 97, -16.383857963459903, 54, False
15, 98, -20.208991880514503, 46, False
15, 99, -45.78471685357824, 334, False
15, 100, -6.5437057825736495, 229, False
15, 101, -13.996686083231424, 392, False
15, 102, -12.793063265847891, 321, False
15, 103, -6.873701370364568, 188, False
15, 104, -14.629134409889298, 209, False
15, 105, -9.742963408575381, 354, False
15, 106, -0.4004694774201952, 209, False
15, 107, -6.270671760688014, 250, False
15, 108, -6.301606498659312, 276, False
15, 109, -1.355923672704531, 296, False
15, 110, -2.8242066945502713, 223, False
15, 111, -2.192954642276241, 265, False
15, 112, -11.520036049989894, 238, False
15, 113, -7.944725653086304, 285, False
15, 114, -3.5078095661874977, 274, False
15, 115, -4.041869551008722, 207, False
15, 116, -34.044015927394085, 369, False
15, 117, -6.50432143380741, 269, False
15, 118, -26.57377217153839, 57, False
15, 119, 3.7373767095751522, 188, False
15, 120, -14.742342543904034, 448, False
15, 121, -16.3734367289701, 77, False
15, 122, 1.2076523289887502, 238, False
15, 123, -7.068010221839378, 438, False
15, 124, -15.539013168337686, 308, False
15, 125, -9.151107744134707, 208, False
15, 126, -3.5727324321114544, 236, False
15, 127, -1.6558177589017138, 297, False
15, 128, -6.700189225857693, 1077, False
15, 129, -3.8068899899784046, 274, False
15, 130, -9.234790672931464, 243, False
15, 131, -3.4277468468014964, 306, False
15, 132, 2.1309479667407007, 263, False
15, 133, -25.446637476742378, 110, False
15, 134, -7.489275487203306, 851, False
15, 135, -23.914686698246513, 38, False
15, 136, -27.007589862853482, 118, False
15, 137, 1.0847045785008023, 234, False
15, 138, 0.2690264099575014, 231, False
15, 139, -0.5370635735292209, 260, False
15, 140, -19.981635238205783, 70, False
15, 141, -12.438305383629507, 122, False
15, 142, -7.9197454521053725, 365, False
15, 143, -11.206014694366017, 281, False
15, 144, -21.613973546936084, 117, False
15, 145, -0.029966165602098936, 327, False
15, 146, -25.472601752806234, 51, False
15, 147, -5.906167887929808, 247, False
15, 148, -11.873645040996946, 286, False
15, 149, -14.487161785582588, 401, False
15, 150, -14.262216302183564, 418, False
15, 151, 1.593724155753009, 232, False
15, 152, -27.347234439068878, 75, False
15, 153, -11.73898943462031, 310, False
15, 154, -9.829399326586513, 287, False
15, 155, -2.1937908718913812, 409, False
15, 156, 1.0932800545417958, 257, False
15, 157, -2.8465586599372608, 183, False
15, 158, -3.247109793972943, 458, False
15, 159, 1.45532438324918, 212, False
15, 160, -2.9929125994887267, 383, False
15, 161, -3.2998033304314527, 317, False
15, 162, -1.6271947592354865, 212, False
15, 163, -8.91019009724501, 410, False
15, 164, -21.053462680447023, 50, False
15, 165, 0.4673657003710868, 239, False
15, 166, -6.923083767911504, 269, False
15, 167, -0.7997943850725028, 258, False
15, 168, -18.464294710507062, 76, False
15, 169, -4.254624011181151, 271, False
15, 170, -0.32772029157249827, 320, False
15, 171, -16.74990659575546, 82, False
15, 172, -23.101507395344772, 127, False
15, 173, -56.709741660964056, 175, False
15, 174, -14.391252584243091, 430, False
15, 175, -11.014431009592448, 340, False
15, 176, -29.078519086120473, 40, False
15, 177, -19.079113639787415, 85, False
15, 178, -15.839238657741937, 277, False
15, 179, 3.7211700949073956, 177, False
15, 180, -12.599493467206333, 312, False
15, 181, -26.416802231582256, 61, False
15, 182, -17.298360317301505, 334, False
15, 183, -0.4779409178542251, 234, False
15, 184, -9.950432372761263, 423, False
15, 185, -3.3890723168457697, 498, False
15, 186, -30.091394762662553, 270, False
15, 187, -26.711105296458985, 50, False
15, 188, -9.627861707463023, 322, False
15, 189, -15.94142049505064, 67, False
15, 190, -3.43190459118587, 279, False
15, 191, -4.17505178008031, 195, False
15, 192, -17.79278445148317, 85, False
15, 193, -2.4494196672891193, 156, False
15, 194, 3.131316500430279, 191, False
15, 195, -22.028773572598052, 48, False
15, 196, -19.296235263917563, 46, False
15, 197, -14.529397475029151, 245, False
15, 198, -21.99837439366057, 54, False
15, 199, -24.23303982514886, 54, False
20, 0, 0.5146989608268606, 198, False
20, 1, -11.320618895212103, 155, False
20, 2, -4.626036976778897, 381, False
20, 3, -16.322993294913644, 73, False
20, 4, -20.03845901509554, 100, False
20, 5, -16.51494928613103, 105, False
20, 6, 1.0240081341569034, 226, False
20, 7, -18.00749251112614, 715, False
20, 8, -12.468918410251165, 291, False
20, 9, -7.437542849911237, 559, False
20, 10, -21.80184491652919, 48, False
20, 11, -12.50939123917575, 103, False
20, 12, -2.3404881793472074, 214, False
20, 13, -13.057119344664407, 321, False
20, 14, -5.088058458291028, 370, False
20, 15, -0.2777684375020088, 296, False
20, 16, -12.194736535032632, 93, False
20, 17, -16.692746334340097, 76, False
20, 18, -8.878515642995309, 390, False
20, 19, -14.131942840607861, 127, False
20, 20, -13.104175625325126, 85, False
20, 21, -1.0759479531392726, 246, False
20, 22, -1.5562172143518864, 353, False
20, 23, -7.634986639681757, 390, False
20, 24, -9.510484315071356, 334, False
20, 25, -19.104921885660364, 64, False
20, 26, -10.781794027418352, 305, False
20, 27, -32.21907148174504, 233, False
20, 28, 0.6756952526790954, 330, False
20, 29, -15.941529550259839, 349, False
20, 30, -12.798867526766152, 200, False
20, 31, -3.7470059836447973, 372, False
20, 32, -8.08766865972668, 619, False
20, 33, -27.340952019220715, 38, False
20, 34, -27.864819636405834, 52, False
20, 35, 0.576525662210336, 288, False
20, 36, -0.23495991128159482, 194, False
20, 37, 0.7181393671884846, 264, False
20, 38, -21.826905394975356, 52, False
20, 39, 0.49701983546889655, 371, False
20, 40, 0.49018270121057483, 286, False
20, 41, -0.06442715369890649, 375, False
20, 42, -14.628923477145804, 94, False
20, 43, -24.972273697308236, 45, False
20, 44, 1.2131284310719694, 274, False
20, 45, -31.875016639304874, 133, False
20, 46, -23.579750439983723, 49, False
20, 47, -4.128342868256396, 244, False
20, 48, -30.062299301373013, 53, False
20, 49, -17.037850863371165, 83, False
20, 50, 0.19580338815042392, 265, False
20, 51, -19.13601345365537, 174, False
20, 52, -21.238252520879172, 35, False
20, 53, -11.136835179537261, 289, False
20, 54, -3.6792239699960074, 369, False
20, 55, -21.749023224923313, 67, False
20, 56, -0.25852560083607373, 276, False
20, 57, -25.077647775931183, 42, False
20, 58, -7.483912213877617, 248, False
20, 59, -25.230683017349484, 127, False
20, 60, -9.712774732228848, 563, False
20, 61, -23.97103102192403, 49, False
20, 62, -20.16056232145121, 72, False
20, 63, -23.01198019671698, 48, False
20, 64, -18.83626003474769, 76, False
20, 65, -7.7657863556354805, 335, False
20, 66, -2.582652650741896, 321, False
20, 67, -1.3331586811100757, 283, False
20, 68, -9.196806723936454, 404, False
20, 69, -9.380515912051854, 313, False
20, 70, -6.81473791764488, 297, False
20, 71, -13.157563913257405, 257, False
20, 72, -1.93916810602491, 298, False
20, 73, -24.561282611074407, 54, False
20, 74, -23.303748037053957, 34, False
20, 75, 2.6962177936162735, 265, False
20, 76, -11.809283679545777, 342, False
20, 77, -4.558881614488006, 323, False
20, 78, -21.601691508678467, 38, False
20, 79, -26.82162862986565, 53, False
20, 80, -2.476138903192615, 279, False
20, 81, 0.5428641548230413, 199, False
20, 82, -19.82742636213122, 71, False
20, 83, -14.88617818708757, 202, False
20, 84, 1.4756205129936337, 272, False
20, 85, -19.069142793505566, 73, False
20, 86, -29.431466840623806, 61, False
20, 87, -20.257627463017375, 51, False
20, 88, -5.192020315195662, 441, False
20, 89, -6.091883067249577, 345, False
20, 90, 0.34416311986553233, 220, False
20, 91, -1.1397611235105092, 289, False
20, 92, -26.21942791617958, 123, False
20, 93, -17.689416402019383, 93, False
20, 94, -1.8455144531789764, 240, False
20, 95, -13.500272412906282, 110, False
20, 96, -8.70484814892562, 342, False
20, 97, -10.788453351347538, 289, False
20, 98, -23.178479692715104, 53, False
20, 99, -21.725823886604744, 261, False
20, 100, -15.709402577913542, 62, False
20, 101, -0.6345235732681449, 263, False
20, 102, -21.63669022184412, 347, False
20, 103, -2.4642588534454233, 158, False
20, 104, -24.788805273686272, 44, False
20, 105, -23.34836420837795, 45, False
20, 106, -12.133370840725924, 101, False
20, 107, -10.511030853809967, 332, False
20, 108, -18.574976575600676, 63, False
20, 109, -2.7314207964709043, 161, False
20, 110, -15.385277728879784, 226, False
20, 111, -22.731154784712192, 39, False
20, 112, -18.183857344934612, 250, False
20, 113, -5.039326941384391, 306, False
20, 114, -4.210180716935699, 294, False
20, 115, -19.460069216597542, 403, False
20, 116, -1.8388074935769714, 195, False
20, 117, -20.93979681415026, 58, False
20, 118, -3.4869920806895176, 306, False
20, 119, -7.648436315829414, 303, False
20, 120, -19.248788702907834, 64, False
20, 121, -28.188532534495298, 107, False
20, 122, -2.377112402204791, 434, False
20, 123, -6.177284653939507, 536, False
20, 124, -19.062899194181675, 68, False
20, 125, -0.5475754078893141, 235, False
20, 126, -13.977187148833103, 308, False
20, 127, -3.0606013036947797, 288, False
20, 128, -2.080568148610069, 259, False
20, 129, -4.063882631760876, 262, False
20, 130, -8.148779985202696, 316, False
20, 131, -10.900954322644393, 296, False
20, 132, -20.99681271338711, 43, False
20, 133, -25.043942485732167, 39, False
20, 134, -3.3452453387318326, 303, False
20, 135, -22.83511167367714, 160, False
20, 136, -2.9478676578272838, 309, False
20, 137, -12.799549832275178, 184, False
20, 138, -3.9558881872584553, 314, False
20, 139, 3.086833428687192, 199, False
20, 140, -9.918727829245483, 271, False
20, 141, -24.160589333813938, 53, False
20, 142, 0.19952810757570824, 239, False
20, 143, 1.057012339004071, 807, False
20, 144, -30.49364249096904, 138, False
20, 145, -6.337463258260877, 366, False
20, 146, 2.433370253096171, 200, False
20, 147, -13.49288782114127, 278, False
20, 148, -4.832684927058629, 379, False
20, 149, -7.915691285994402, 372, False
20, 150, -13.368483272560775, 365, False
20, 151, -4.339232368679873, 1035, False
20, 152, -15.161708152605561, 382, False
20, 153, -22.376628743942238, 33, False
20, 154, -3.9396462184440053, 823, False
20, 155, -3.6743753291981993, 182, False
20, 156, -7.299359223825776, 400, False
20, 157, -33.63890621348319, 1167, False
20, 158, 1.8412940281590664, 252, False
20, 159, -16.929536715227876, 95, False
20, 160, -14.568383569351223, 415, False
20, 161, -12.077836620319102, 267, False
20, 162, -28.47322515495483, 97, False
20, 163, -13.665743600133792, 224, False
20, 164, -0.8386250337880933, 282, False
20, 165, -3.166398847712257, 250, False
20, 166, -20.64971275979235, 226, False
20, 167, -22.33104507722574, 54, False
20, 168, -22.632759559456908, 172, False
20, 169, -8.295517782475857, 306, False
20, 170, -2.4241992106363766, 342, False
20, 171, -21.034108188714907, 40, False
20, 172, -21.746263141318526, 40, False
20, 173, -13.030642919375445, 242, False
20, 174, -18.17574182379985, 502, False
20, 175, -21.94608163906965, 124, False
20, 176, 0.0893263093647574, 204, False
20, 177, -28.06582132468895, 69, False
20, 178, -13.06149008423236, 150, False
20, 179, -19.863238532112234, 66, False
20, 180, -19.717695060841002, 45, False
20, 181, -5.662431766365443, 296, False
20, 182, -65.19174040176003, 2234, False
20, 183, -2.1240717135913973, 213, False
20, 184, -1.5508953701034334, 405, False
20, 185, -12.717341684347389, 376, False
20, 186, 4.586846859619876, 221, False
20, 187, -4.068114743956551, 275, False
20, 188, -12.966484863057318, 281, False
20, 189, 3.464966060827244, 158, False
20, 190, -8.120138984321798, 167, False
20, 191, -22.62362501601965, 141, False
20, 192, -9.493792827612355, 273, False
20, 193, -15.16486018084123, 198, False
20, 194, -6.356019396675909, 267, False
20, 195, -11.838019549324105, 356, False
20, 196, -9.968077704766067, 289, False
20, 197, 0.7317971188762499, 289, False
20, 198, -25.28825541698497, 178, False
20, 199, -19.651558514295175, 58, False
