data/dreamer_1/td3_model3_left_0723_0030.zip,0,-21.73330152957072,1000,0
data/dreamer_1/td3_model3_left_0723_0030.zip,1,-12.482234597394612,197,0
data/dreamer_1/td3_model3_left_0723_0030.zip,2,-10.763761776620822,1040,1
data/dreamer_1/td3_model3_left_0723_0030.zip,3,0.29268909450996416,11036,1
data/dreamer_1/td3_model3_left_0723_0030.zip,4,1.1787493830341333,189,1
data/dreamer_1/td3_model3_left_0723_0030.zip,5,-21.33950395119262,606,1
data/dreamer_1/td3_model3_left_0723_0030.zip,6,0.602626640283814,273,1
data/dreamer_1/td3_model3_left_0723_0030.zip,7,-6.241357881142206,181,1
data/dreamer_1/td3_model3_left_0723_0030.zip,8,-0.9051935954999499,262,1
data/dreamer_1/td3_model3_left_0723_0030.zip,9,-18.117002273017096,83,0
data/dreamer_1/td3_model3_left_0723_0030.zip,10,4.262183762744068,166,1
data/dreamer_1/td3_model3_left_0723_0030.zip,11,-1.7006491160673773,195,0
data/dreamer_1/td3_model3_left_0723_0030.zip,12,2.517768062927431,291,1
data/dreamer_1/td3_model3_left_0723_0030.zip,13,-20.423764646805832,78,0
data/dreamer_1/td3_model3_left_0723_0030.zip,14,-3.0646616450843855,245,1
data/dreamer_1/td3_model3_left_0723_0030.zip,15,-24.33728364743522,62,0
data/dreamer_1/td3_model3_left_0723_0030.zip,16,7.714992531853561,243,1
data/dreamer_1/td3_model3_left_0723_0030.zip,17,-13.253301428100059,376,0
data/dreamer_1/td3_model3_left_0723_0030.zip,18,-15.299463347037756,81,0
data/dreamer_1/td3_model3_left_0723_0030.zip,19,-5.1190464283105355,271,0
data/dreamer_1/td3_model3_left_0723_0030.zip,20,-16.645853263573308,63,0
data/dreamer_1/td3_model3_left_0723_0030.zip,21,-0.29066088268493023,181,1
data/dreamer_1/td3_model3_left_0723_0030.zip,22,-13.050751630536816,103,0
data/dreamer_1/td3_model3_left_0723_0030.zip,23,-0.3247811336819649,238,1
data/dreamer_1/td3_model3_left_0723_0030.zip,24,-3.6287357914901617,317,0
data/dreamer_1/td3_model3_left_0723_0030.zip,25,-18.596699309870388,95,0
data/dreamer_1/td3_model3_left_0723_0030.zip,26,-0.7995074348046955,247,0
data/dreamer_1/td3_model3_left_0723_0030.zip,27,0.7447688505286096,375,1
data/dreamer_1/td3_model3_left_0723_0030.zip,28,-4.6757145977835215,1941,0
data/dreamer_1/td3_model3_left_0723_0030.zip,29,3.117931517386836,273,1
data/dreamer_1/td3_model3_left_0723_0030.zip,30,-20.55510751303162,80,0
data/dreamer_1/td3_model3_left_0723_0030.zip,31,-14.666885412536324,87,0
data/dreamer_1/td3_model3_left_0723_0030.zip,32,-24.066554515416872,36,0
data/dreamer_1/td3_model3_left_0723_0030.zip,33,-3.784655819995626,370,1
data/dreamer_1/td3_model3_left_0723_0030.zip,34,6.391099641947701,269,1
data/dreamer_1/td3_model3_left_0723_0030.zip,35,-0.6448023965858063,210,1
data/dreamer_1/td3_model3_left_0723_0030.zip,36,-6.532919937008441,188,0
data/dreamer_1/td3_model3_left_0723_0030.zip,37,-20.262301254045326,81,0
data/dreamer_1/td3_model3_left_0723_0030.zip,38,-11.328165276534703,596,1
data/dreamer_1/td3_model3_left_0723_0030.zip,39,-0.5490515180597556,290,1
data/dreamer_1/td3_model3_left_0723_0030.zip,40,-23.25618434685488,690,0
data/dreamer_1/td3_model3_left_0723_0030.zip,41,-1.568539298475748,431,1
data/dreamer_1/td3_model3_left_0723_0030.zip,42,2.9550016056724604,282,1
data/dreamer_1/td3_model3_left_0723_0030.zip,43,-21.474656331966983,47,0
data/dreamer_1/td3_model3_left_0723_0030.zip,44,-7.308033317424312,490,1
data/dreamer_1/td3_model3_left_0723_0030.zip,45,-2.456074950042153,209,1
data/dreamer_1/td3_model3_left_0723_0030.zip,46,-4.767093181786344,686,0
data/dreamer_1/td3_model3_left_0723_0030.zip,47,-4.903823119531963,534,0
data/dreamer_1/td3_model3_left_0723_0030.zip,48,4.613571471519475,291,1
data/dreamer_1/td3_model3_left_0723_0030.zip,49,-25.263079576288145,45,0
data/dreamer_1/td3_model3_left_0723_0030.zip,50,5.352376197924479,460,1
data/dreamer_1/td3_model3_left_0723_0030.zip,51,-5.576565475367603,178,1
data/dreamer_1/td3_model3_left_0723_0030.zip,52,2.432178253574901,377,1
data/dreamer_1/td3_model3_left_0723_0030.zip,53,3.0187640536160267,201,1
data/dreamer_1/td3_model3_left_0723_0030.zip,54,-2.4054924149636605,225,1
data/dreamer_1/td3_model3_left_0723_0030.zip,55,3.680698910559499,201,1
data/dreamer_1/td3_model3_left_0723_0030.zip,56,5.571702713985951,472,1
data/dreamer_1/td3_model3_left_0723_0030.zip,57,1.6821008691349641,288,1
data/dreamer_1/td3_model3_left_0723_0030.zip,58,1.6569698641363377,271,1
data/dreamer_1/td3_model3_left_0723_0030.zip,59,-7.553734757883002,281,1
data/dreamer_1/td3_model3_left_0723_0030.zip,60,-9.544624378494333,469,0
data/dreamer_1/td3_model3_left_0723_0030.zip,61,-21.419580686435207,46,0
data/dreamer_1/td3_model3_left_0723_0030.zip,62,-5.082628416934734,1975,1
data/dreamer_1/td3_model3_left_0723_0030.zip,63,0.994290137751143,232,1
data/dreamer_1/td3_model3_left_0723_0030.zip,64,-0.01853692007922971,1510,1
data/dreamer_1/td3_model3_left_0723_0030.zip,65,-18.372443163312866,72,0
data/dreamer_1/td3_model3_left_0723_0030.zip,66,-1.2042681287231178,349,1
data/dreamer_1/td3_model3_left_0723_0030.zip,67,2.0750601873712484,478,1
data/dreamer_1/td3_model3_left_0723_0030.zip,68,-8.055618331692882,264,1
data/dreamer_1/td3_model3_left_0723_0030.zip,69,-6.509014343511998,230,1
data/dreamer_1/td3_model3_left_0723_0030.zip,70,-28.118722401080095,118,0
data/dreamer_1/td3_model3_left_0723_0030.zip,71,-23.76359805587326,412,0
data/dreamer_1/td3_model3_left_0723_0030.zip,72,-17.587306512600918,877,0
data/dreamer_1/td3_model3_left_0723_0030.zip,73,-29.24467511203801,37,0
data/dreamer_1/td3_model3_left_0723_0030.zip,74,-17.515453614515362,52,0
data/dreamer_1/td3_model3_left_0723_0030.zip,75,-9.581945443767141,208,0
data/dreamer_1/td3_model3_left_0723_0030.zip,76,0.2663256842613993,443,1
data/dreamer_1/td3_model3_left_0723_0030.zip,77,-14.607404262541154,188,0
data/dreamer_1/td3_model3_left_0723_0030.zip,78,-6.197882982952097,220,1
data/dreamer_1/td3_model3_left_0723_0030.zip,79,-28.280265213206338,69,0
data/dreamer_1/td3_model3_left_0723_0030.zip,80,-8.114109037424997,573,0
data/dreamer_1/td3_model3_left_0723_0030.zip,81,-0.6664325536465541,270,0
data/dreamer_1/td3_model3_left_0723_0030.zip,82,-2.842590942702715,673,1
data/dreamer_1/td3_model3_left_0723_0030.zip,83,-22.482653827524704,52,0
data/dreamer_1/td3_model3_left_0723_0030.zip,84,-27.076903399471064,49,0
data/dreamer_1/td3_model3_left_0723_0030.zip,85,-25.737990347905892,15262,1
data/dreamer_1/td3_model3_left_0723_0030.zip,86,-17.870948484399722,61,0
data/dreamer_1/td3_model3_left_0723_0030.zip,87,-1.9431792508753027,275,1
data/dreamer_1/td3_model3_left_0723_0030.zip,88,-9.543642600093209,278,0
data/dreamer_1/td3_model3_left_0723_0030.zip,89,-18.204895557734616,54,0
data/dreamer_1/td3_model3_left_0723_0030.zip,90,7.8591629248165935,380,1
data/dreamer_1/td3_model3_left_0723_0030.zip,91,-4.915186911301019,212,0
data/dreamer_1/td3_model3_left_0723_0030.zip,92,-27.826063770347712,80,0
data/dreamer_1/td3_model3_left_0723_0030.zip,93,-19.603733705070162,43,0
data/dreamer_1/td3_model3_left_0723_0030.zip,94,-8.250061084926969,313,1
data/dreamer_1/td3_model3_left_0723_0030.zip,95,-17.805517696441296,58,0
data/dreamer_1/td3_model3_left_0723_0030.zip,96,-23.45471378108885,50,0
data/dreamer_1/td3_model3_left_0723_0030.zip,97,-9.854163800565106,273,0
data/dreamer_1/td3_model3_left_0723_0030.zip,98,1.3096902135097388,231,1
data/dreamer_1/td3_model3_left_0723_0030.zip,99,-8.406611851513045,656,1
data/dreamer_1/td3_model3_right_0722_2359.zip,0,-1.6471994431850667,415,1
data/dreamer_1/td3_model3_right_0722_2359.zip,1,-21.970454369582587,37,0
data/dreamer_1/td3_model3_right_0722_2359.zip,2,-19.076900921836856,104,0
data/dreamer_1/td3_model3_right_0722_2359.zip,3,-12.6514492770031,943,0
data/dreamer_1/td3_model3_right_0722_2359.zip,4,-27.35648768636418,1001,0
data/dreamer_1/td3_model3_right_0722_2359.zip,5,-6.727635220964325,394,0
data/dreamer_1/td3_model3_right_0722_2359.zip,6,-17.817397868942464,503,0
data/dreamer_1/td3_model3_right_0722_2359.zip,7,-14.920220109416196,81,0
data/dreamer_1/td3_model3_right_0722_2359.zip,8,-12.683661034741576,98,0
data/dreamer_1/td3_model3_right_0722_2359.zip,9,-2.30293018673459,235,1
data/dreamer_1/td3_model3_right_0722_2359.zip,10,-17.17573331833556,77,0
data/dreamer_1/td3_model3_right_0722_2359.zip,11,-11.963787856338827,326,0
data/dreamer_1/td3_model3_right_0722_2359.zip,12,-14.158766513807702,106,0
data/dreamer_1/td3_model3_right_0722_2359.zip,13,-0.40554611778800675,244,1
data/dreamer_1/td3_model3_right_0722_2359.zip,14,-10.925557632763246,95,0
data/dreamer_1/td3_model3_right_0722_2359.zip,15,-0.24787024429293275,409,1
data/dreamer_1/td3_model3_right_0722_2359.zip,16,-16.80753104736999,381,0
data/dreamer_1/td3_model3_right_0722_2359.zip,17,-18.898294888436173,49,0
data/dreamer_1/td3_model3_right_0722_2359.zip,18,-30.25897359714777,262,0
data/dreamer_1/td3_model3_right_0722_2359.zip,19,-21.933096759374422,55,0
data/dreamer_1/td3_model3_right_0722_2359.zip,20,-4.724010224158183,263,0
data/dreamer_1/td3_model3_right_0722_2359.zip,21,4.4176391201225265,207,1
data/dreamer_1/td3_model3_right_0722_2359.zip,22,-47.96160129036401,702,0
data/dreamer_1/td3_model3_right_0722_2359.zip,23,-7.042241299015744,297,1
data/dreamer_1/td3_model3_right_0722_2359.zip,24,-3.8537150662782813,354,1
data/dreamer_1/td3_model3_right_0722_2359.zip,25,-12.907256739093095,1001,0
data/dreamer_1/td3_model3_right_0722_2359.zip,26,-16.191841043731028,328,0
data/dreamer_1/td3_model3_right_0722_2359.zip,27,-24.198929874527057,103,0
data/dreamer_1/td3_model3_right_0722_2359.zip,28,-22.818372899730573,44,0
data/dreamer_1/td3_model3_right_0722_2359.zip,29,1.8519064002542678,259,1
data/dreamer_1/td3_model3_right_0722_2359.zip,30,-15.125518987121554,806,0
data/dreamer_1/td3_model3_right_0722_2359.zip,31,-19.392230381321838,80,0
data/dreamer_1/td3_model3_right_0722_2359.zip,32,-19.051142748358707,60,0
data/dreamer_1/td3_model3_right_0722_2359.zip,33,-6.85842568602364,179,1
data/dreamer_1/td3_model3_right_0722_2359.zip,34,-12.312163234293962,96,0
data/dreamer_1/td3_model3_right_0722_2359.zip,35,-0.19142862878351805,299,1
data/dreamer_1/td3_model3_right_0722_2359.zip,36,-27.654764768264197,450,0
data/dreamer_1/td3_model3_right_0722_2359.zip,37,-4.606776656984798,353,1
data/dreamer_1/td3_model3_right_0722_2359.zip,38,2.058833270411452,169,1
data/dreamer_1/td3_model3_right_0722_2359.zip,39,-16.773709007296162,283,0
data/dreamer_1/td3_model3_right_0722_2359.zip,40,-14.209573748426347,67,0
data/dreamer_1/td3_model3_right_0722_2359.zip,41,-15.037747728648847,79,0
data/dreamer_1/td3_model3_right_0722_2359.zip,42,-28.270571393193578,78,0
data/dreamer_1/td3_model3_right_0722_2359.zip,43,-10.340734731296527,359,1
data/dreamer_1/td3_model3_right_0722_2359.zip,44,-0.5627208966267591,210,1
data/dreamer_1/td3_model3_right_0722_2359.zip,45,-20.30843383190761,47,0
data/dreamer_1/td3_model3_right_0722_2359.zip,46,-18.809419454574712,56,0
data/dreamer_1/td3_model3_right_0722_2359.zip,47,-22.316612629640076,59,0
data/dreamer_1/td3_model3_right_0722_2359.zip,48,-3.757366538983328,354,0
data/dreamer_1/td3_model3_right_0722_2359.zip,49,-5.088617223088625,213,1
data/dreamer_1/td3_model3_right_0722_2359.zip,50,-12.830119660130686,246,0
data/dreamer_1/td3_model3_right_0722_2359.zip,51,3.2246112762930794,640,1
data/dreamer_1/td3_model3_right_0722_2359.zip,52,-0.7887969440244531,262,1
data/dreamer_1/td3_model3_right_0722_2359.zip,53,-21.79313276767248,46,0
data/dreamer_1/td3_model3_right_0722_2359.zip,54,-4.924648620369914,224,0
data/dreamer_1/td3_model3_right_0722_2359.zip,55,-16.47743463584833,266,0
data/dreamer_1/td3_model3_right_0722_2359.zip,56,-16.503128094004342,67,0
data/dreamer_1/td3_model3_right_0722_2359.zip,57,-19.354222501330987,57,0
data/dreamer_1/td3_model3_right_0722_2359.zip,58,-17.62273235052899,227,0
data/dreamer_1/td3_model3_right_0722_2359.zip,59,-8.217557803870411,201,0
data/dreamer_1/td3_model3_right_0722_2359.zip,60,-17.72580155365756,58,0
data/dreamer_1/td3_model3_right_0722_2359.zip,61,-26.7959064547095,41,0
data/dreamer_1/td3_model3_right_0722_2359.zip,62,-30.027830355809844,30,0
data/dreamer_1/td3_model3_right_0722_2359.zip,63,-1.621475299265833,319,1
data/dreamer_1/td3_model3_right_0722_2359.zip,64,-5.896259599986783,336,1
data/dreamer_1/td3_model3_right_0722_2359.zip,65,-7.731048080428825,778,0
data/dreamer_1/td3_model3_right_0722_2359.zip,66,-21.588725670704097,44,0
data/dreamer_1/td3_model3_right_0722_2359.zip,67,-19.68558525835138,78,0
data/dreamer_1/td3_model3_right_0722_2359.zip,68,-7.0916122204635075,280,0
data/dreamer_1/td3_model3_right_0722_2359.zip,69,-8.218707059842924,279,0
data/dreamer_1/td3_model3_right_0722_2359.zip,70,-1.4596318192914328,256,0
data/dreamer_1/td3_model3_right_0722_2359.zip,71,-9.456771100920344,323,0
data/dreamer_1/td3_model3_right_0722_2359.zip,72,-0.7949982198537231,286,1
data/dreamer_1/td3_model3_right_0722_2359.zip,73,2.9580539007727933,183,1
data/dreamer_1/td3_model3_right_0722_2359.zip,74,0.6439049900902584,217,1
data/dreamer_1/td3_model3_right_0722_2359.zip,75,-15.724123475975965,55,0
data/dreamer_1/td3_model3_right_0722_2359.zip,76,-23.509068937676737,75,0
data/dreamer_1/td3_model3_right_0722_2359.zip,77,-18.24778255926753,283,0
data/dreamer_1/td3_model3_right_0722_2359.zip,78,-2.4040574110388397,216,0
data/dreamer_1/td3_model3_right_0722_2359.zip,79,-14.591093735496647,127,0
data/dreamer_1/td3_model3_right_0722_2359.zip,80,-17.256836528729714,66,0
data/dreamer_1/td3_model3_right_0722_2359.zip,81,-28.022157497178373,83,0
data/dreamer_1/td3_model3_right_0722_2359.zip,82,-6.268243978004904,206,0
data/dreamer_1/td3_model3_right_0722_2359.zip,83,-15.895787070423225,550,1
data/dreamer_1/td3_model3_right_0722_2359.zip,84,-10.976937037714846,113,0
data/dreamer_1/td3_model3_right_0722_2359.zip,85,-1.1909029856926563,372,1
data/dreamer_1/td3_model3_right_0722_2359.zip,86,-18.53432756415469,47,0
data/dreamer_1/td3_model3_right_0722_2359.zip,87,-0.04599314956755561,201,1
data/dreamer_1/td3_model3_right_0722_2359.zip,88,0.8141837366154687,205,1
data/dreamer_1/td3_model3_right_0722_2359.zip,89,-3.868906269688951,200,1
data/dreamer_1/td3_model3_right_0722_2359.zip,90,-14.609427568300486,242,0
data/dreamer_1/td3_model3_right_0722_2359.zip,91,-2.4702406478722243,222,1
data/dreamer_1/td3_model3_right_0722_2359.zip,92,1.5279620806217424,202,1
data/dreamer_1/td3_model3_right_0722_2359.zip,93,-23.554246514658807,39,0
data/dreamer_1/td3_model3_right_0722_2359.zip,94,3.5273557334264156,176,1
data/dreamer_1/td3_model3_right_0722_2359.zip,95,-19.231886468094675,45,0
data/dreamer_1/td3_model3_right_0722_2359.zip,96,-20.35212274256558,40,0
data/dreamer_1/td3_model3_right_0722_2359.zip,97,2.7754675947174157,142,1
data/dreamer_1/td3_model3_right_0722_2359.zip,98,-21.056389957196064,48,0
data/dreamer_1/td3_model3_right_0722_2359.zip,99,-34.113224676605896,1001,0
data/dreamer_1/td3_model3_straight_0723_1153.zip,0,-1.283958587956754,162,1
data/dreamer_1/td3_model3_straight_0723_1153.zip,1,-16.246496126979196,71,0
data/dreamer_1/td3_model3_straight_0723_1153.zip,2,-18.04646475947751,394,1
data/dreamer_1/td3_model3_straight_0723_1153.zip,3,-7.5894091610623935,367,0
data/dreamer_1/td3_model3_straight_0723_1153.zip,4,-20.515025723055718,1001,0
data/dreamer_1/td3_model3_straight_0723_1153.zip,5,-9.626525208862041,293,1
data/dreamer_1/td3_model3_straight_0723_1153.zip,6,-0.8923851951076062,276,1
data/dreamer_1/td3_model3_straight_0723_1153.zip,7,-12.61408804492032,1001,0
data/dreamer_1/td3_model3_straight_0723_1153.zip,8,-17.309276242639747,416,0
data/dreamer_1/td3_model3_straight_0723_1153.zip,9,-11.828328381770447,604,1
data/dreamer_1/td3_model3_straight_0723_1153.zip,10,-11.831395495200423,511,0
data/dreamer_1/td3_model3_straight_0723_1153.zip,11,-18.01074106707748,58,0
data/dreamer_1/td3_model3_straight_0723_1153.zip,12,-5.185787228195261,300,1
data/dreamer_1/td3_model3_straight_0723_1153.zip,13,-18.08772612669263,1001,0
data/dreamer_1/td3_model3_straight_0723_1153.zip,14,-11.84067063269867,250,0
data/dreamer_1/td3_model3_straight_0723_1153.zip,15,-64.70888790665704,510,0
data/dreamer_1/td3_model3_straight_0723_1153.zip,16,-4.727437098879835,327,1
data/dreamer_1/td3_model3_straight_0723_1153.zip,17,-8.168653680676185,157,0
data/dreamer_1/td3_model3_straight_0723_1153.zip,18,-23.2733889365448,1001,0
data/dreamer_1/td3_model3_straight_0723_1153.zip,19,-16.144967396285807,1001,0
data/dreamer_1/td3_model3_straight_0723_1153.zip,20,-23.15472751805307,30,0
data/dreamer_1/td3_model3_straight_0723_1153.zip,21,-11.229942849706271,603,1
data/dreamer_1/td3_model3_straight_0723_1153.zip,22,-56.45609787366847,475,0
data/dreamer_1/td3_model3_straight_0723_1153.zip,23,-15.180494561389919,67,0
data/dreamer_1/td3_model3_straight_0723_1153.zip,24,-5.372708306859659,406,1
data/dreamer_1/td3_model3_straight_0723_1153.zip,25,-20.18685812520505,1001,0
data/dreamer_1/td3_model3_straight_0723_1153.zip,26,-4.585474660950723,292,1
data/dreamer_1/td3_model3_straight_0723_1153.zip,27,-33.35223904613426,1001,0
data/dreamer_1/td3_model3_straight_0723_1153.zip,28,-2.9869783047793956,232,1
data/dreamer_1/td3_model3_straight_0723_1153.zip,29,-13.135028552325508,393,0
data/dreamer_1/td3_model3_straight_0723_1153.zip,30,-16.98991953227662,1001,0
data/dreamer_1/td3_model3_straight_0723_1153.zip,31,-19.229292455249688,1001,0
data/dreamer_1/td3_model3_straight_0723_1153.zip,32,-25.171914392223048,631,0
data/dreamer_1/td3_model3_straight_0723_1153.zip,33,-13.455632417352309,159,0
data/dreamer_1/td3_model3_straight_0723_1153.zip,34,-21.869148444152334,1001,0
data/dreamer_1/td3_model3_straight_0723_1153.zip,35,-27.006361497949754,1001,0
data/dreamer_1/td3_model3_straight_0723_1153.zip,36,-58.03990095032306,476,0
data/dreamer_1/td3_model3_straight_0723_1153.zip,37,-26.043072350226307,1001,0
data/dreamer_1/td3_model3_straight_0723_1153.zip,38,-36.75858293561492,1001,0
data/dreamer_1/td3_model3_straight_0723_1153.zip,39,-20.131228535709283,784,1
data/dreamer_1/td3_model3_straight_0723_1153.zip,40,-44.29631943726002,1001,0
data/dreamer_1/td3_model3_straight_0723_1153.zip,41,-3.8323493091822525,531,1
data/dreamer_1/td3_model3_straight_0723_1153.zip,42,-64.05291082150445,453,0
data/dreamer_1/td3_model3_straight_0723_1153.zip,43,-60.35721993973676,349,0
data/dreamer_1/td3_model3_straight_0723_1153.zip,44,-33.07490691868938,64,0
data/dreamer_1/td3_model3_straight_0723_1153.zip,45,-15.340260086110007,769,0
data/dreamer_1/td3_model3_straight_0723_1153.zip,46,-17.704740389952352,75,0
data/dreamer_1/td3_model3_straight_0723_1153.zip,47,-19.3146138370121,1001,0
data/dreamer_1/td3_model3_straight_0723_1153.zip,48,-26.918921177066906,1001,0
data/dreamer_1/td3_model3_straight_0723_1153.zip,49,-34.92900964955413,92,0
data/dreamer_1/td3_model3_straight_0723_1153.zip,50,-23.200074772273116,1001,0
data/dreamer_1/td3_model3_straight_0723_1153.zip,51,-21.461594952487047,113,0
data/dreamer_1/td3_model3_straight_0723_1153.zip,52,-19.35183089841275,1001,0
data/dreamer_1/td3_model3_straight_0723_1153.zip,53,-15.540367837004244,692,1
data/dreamer_1/td3_model3_straight_0723_1153.zip,54,-26.878228752510346,40,0
data/dreamer_1/td3_model3_straight_0723_1153.zip,55,-24.13083833842658,480,0
data/dreamer_1/td3_model3_straight_0723_1153.zip,56,-9.0820263604002,1001,0
data/dreamer_1/td3_model3_straight_0723_1153.zip,57,-22.300286729420076,379,1
data/dreamer_1/td3_model3_straight_0723_1153.zip,58,-19.95530552095934,134,0
data/dreamer_1/td3_model3_straight_0723_1153.zip,59,-24.098378758544495,41,0
data/dreamer_1/td3_model3_straight_0723_1153.zip,60,-17.181129644585507,821,1
data/dreamer_1/td3_model3_straight_0723_1153.zip,61,-21.589760180194855,1001,0
data/dreamer_1/td3_model3_straight_0723_1153.zip,62,-40.854739130208,1001,0
data/dreamer_1/td3_model3_straight_0723_1153.zip,63,-32.02406610159794,72,0
data/dreamer_1/td3_model3_straight_0723_1153.zip,64,1.295658359105892,207,1
data/dreamer_1/td3_model3_straight_0723_1153.zip,65,-15.93668841886378,396,0
data/dreamer_1/td3_model3_straight_0723_1153.zip,66,-20.174165299295513,1001,0
data/dreamer_1/td3_model3_straight_0723_1153.zip,67,-28.421249537418728,1001,0
data/dreamer_1/td3_model3_straight_0723_1153.zip,68,-20.78185235011965,49,0
data/dreamer_1/td3_model3_straight_0723_1153.zip,69,-18.270020119913525,432,0
data/dreamer_1/td3_model3_straight_0723_1153.zip,70,-19.756597994136452,56,0
data/dreamer_1/td3_model3_straight_0723_1153.zip,71,-23.716449238651524,1001,0
data/dreamer_1/td3_model3_straight_0723_1153.zip,72,-56.63664336196299,467,0
data/dreamer_1/td3_model3_straight_0723_1153.zip,73,-13.625028515418933,837,1
data/dreamer_1/td3_model3_straight_0723_1153.zip,74,-30.869262339911774,1001,0
data/dreamer_1/td3_model3_straight_0723_1153.zip,75,-16.158542272479732,348,1
data/dreamer_1/td3_model3_straight_0723_1153.zip,76,-22.480826395386384,213,0
data/dreamer_1/td3_model3_straight_0723_1153.zip,77,-67.30889942740053,446,0
data/dreamer_1/td3_model3_straight_0723_1153.zip,78,-11.786879250902057,617,1
data/dreamer_1/td3_model3_straight_0723_1153.zip,79,-26.865458566097935,79,0
data/dreamer_1/td3_model3_straight_0723_1153.zip,80,-13.915810509332522,633,1
data/dreamer_1/td3_model3_straight_0723_1153.zip,81,-13.167726321854799,755,0
data/dreamer_1/td3_model3_straight_0723_1153.zip,82,-18.254703893554186,1001,0
data/dreamer_1/td3_model3_straight_0723_1153.zip,83,-23.60311285419136,184,0
data/dreamer_1/td3_model3_straight_0723_1153.zip,84,-25.71708208017919,1001,0
data/dreamer_1/td3_model3_straight_0723_1153.zip,85,-26.7876668138605,1001,0
data/dreamer_1/td3_model3_straight_0723_1153.zip,86,-31.705870115675918,67,0
data/dreamer_1/td3_model3_straight_0723_1153.zip,87,-11.570955261829006,387,0
data/dreamer_1/td3_model3_straight_0723_1153.zip,88,-23.50107904327115,1001,0
data/dreamer_1/td3_model3_straight_0723_1153.zip,89,-30.14909352664051,110,0
data/dreamer_1/td3_model3_straight_0723_1153.zip,90,-15.49920023943944,1001,0
data/dreamer_1/td3_model3_straight_0723_1153.zip,91,-20.334859440323044,1001,0
data/dreamer_1/td3_model3_straight_0723_1153.zip,92,-18.696293667741692,68,0
data/dreamer_1/td3_model3_straight_0723_1153.zip,93,-64.65457927188453,520,0
data/dreamer_1/td3_model3_straight_0723_1153.zip,94,-22.52249239169926,63,0
data/dreamer_1/td3_model3_straight_0723_1153.zip,95,-11.901374974247803,185,0
data/dreamer_1/td3_model3_straight_0723_1153.zip,96,-17.717533182001883,1001,0
data/dreamer_1/td3_model3_straight_0723_1153.zip,97,-17.677930464116674,1001,0
data/dreamer_1/td3_model3_straight_0723_1153.zip,98,-11.24518866666739,389,0
data/dreamer_1/td3_model3_straight_0723_1153.zip,99,-27.02505457691772,1001,0
3,0,-1.8697683173729782,383,1
3,1,-1.5469346077669575,240,1
3,2,-1.6773346575741848,334,1
3,3,-6.7619580215524815,416,0
3,4,-19.720481333718787,119,0
3,5,-2.1510408272241044,351,1
3,6,-20.51890200631093,222,0
3,7,-14.677614361770305,81,0
3,8,-0.6298622734206732,239,1
3,9,-0.5472396045996315,233,1
3,10,-17.17573331833556,77,0
3,11,-0.43331792367227834,214,1
3,12,-13.986510447101814,113,0
3,13,-2.700748346157254,211,1
3,14,-10.925557632763246,95,0
3,15,3.240189088326538,274,1
3,16,0.48286895821875125,205,1
3,17,-18.898294888436173,49,0
3,18,-28.261226140700476,258,0
3,19,-5.789720576162987,778,1
3,20,1.4800609192298342,265,1
3,21,3.4285759751100016,151,1
3,22,3.9963811422529707,238,1
3,23,-0.33471148521431704,189,1
3,24,-6.933814772904043,481,1
3,25,-2.7952214470479366,209,1
3,26,-8.001506010710434,603,1
3,27,-25.037781120156797,81,0
3,28,-21.86261527489272,44,0
3,29,-1.2464102137951807,209,1
3,30,0.6958503989169552,280,1
3,31,-14.629825835186784,279,1
3,32,-18.395547138367828,49,0
3,33,-24.5587031468781,45,0
3,34,-14.895971011235165,225,1
3,35,-2.787498199055028,322,1
3,36,-19.128108077770676,110,0
3,37,-9.720732713209356,365,1
3,38,2.5701471714059467,173,1
3,39,-3.6458818237715866,196,1
3,40,-18.29408325618992,82,0
3,41,-14.372094750308971,103,0
3,42,-26.82876298595656,63,0
3,43,-1.9636716931695954,427,1
3,44,1.6106653856709352,187,1
3,45,-20.30843383190761,47,0
3,46,-8.373282616335933,243,1
3,47,-20.527658156211057,56,0
3,48,-3.5022106421663133,335,0
3,49,-7.182752534531423,226,0
3,50,-8.711251880356535,276,0
3,51,-9.453126209988314,268,0
3,52,0.5657730476571718,280,1
3,53,-19.335418302509193,56,0
3,54,-5.45706723713555,244,1
3,55,0.667046647267347,256,1
3,56,-14.794308515398647,72,0
3,57,-13.728353571707512,529,1
3,58,-12.796558146834528,404,1
3,59,-5.363270681047288,256,1
3,60,-17.72580155365756,58,0
3,61,-27.82511662611138,36,0
3,62,-28.79711252064093,31,0
3,63,-1.601951580201139,235,1
3,64,-5.470088184179456,358,1
3,65,-7.523658731727472,311,0
3,66,-23.036114550954263,48,0
3,67,-21.921760483633246,98,0
3,68,-6.244693736633536,231,0
3,69,-7.364718154407337,266,0
3,70,4.4233676122802725,200,1
3,71,-10.97893342908242,374,1
3,72,-1.835178062819092,227,1
3,73,3.136304252001329,234,1
3,74,0.9424755152787075,235,1
3,75,-17.63390494527894,110,0
3,76,-23.210479052490268,43,0
3,77,-22.176587770520577,99,0
3,78,0.7770355917083724,215,1
3,79,-13.51146338948994,133,0
3,80,-17.260397082166087,66,0
3,81,-24.483150216134632,57,0
3,82,3.123908934286357,319,1
3,83,-3.5812553105173768,349,1
3,84,-6.46735375534217,203,0
3,85,-20.379260289847338,42,0
3,86,-18.495964629443638,45,0
3,87,-0.7743194598819213,182,1
3,88,-1.011574562707247,1001,0
3,89,-3.797652903817105,222,1
3,90,-10.752665235888761,320,1
3,91,1.3678697499349661,196,1
3,92,-2.141168004786129,241,0
3,93,-23.672590902476188,39,0
3,94,3.2539743368055456,185,1
3,95,-19.07934697122369,44,0
3,96,-18.45928830429927,56,0
3,97,-0.2815127491105442,398,1
3,98,-22.044609482482095,64,0
3,99,-8.52643143674611,370,0
5,0,-10.693235633165369,114,0
5,1,-17.219256337354444,59,0
5,2,-8.525177254077445,210,0
5,3,-0.7616443271781004,304,0
5,4,-17.600133459986846,140,0
5,5,-16.703809845152282,74,0
5,6,0.4035124349019925,355,1
5,7,-0.5310446302458989,235,1
5,8,0.2676683737200254,234,1
5,9,-23.24639813578603,42,0
5,10,-6.576158333914815,200,1
5,11,-19.3150837771084,44,0
5,12,-11.813037089301648,594,1
5,13,-1.3127236644696807,230,1
5,14,1.3627411314088282,205,1
5,15,-16.526996879954098,139,0
5,16,-1.5952299016614648,299,1
5,17,-8.65384602094746,160,0
5,18,-19.14961108124097,88,0
5,19,-3.1057605640807644,268,1
5,20,-19.98223755889702,44,0
5,21,-9.903881838984057,143,0
5,22,-18.259534200791954,99,0
5,23,-6.571161432860428,214,1
5,24,-4.288024690680687,176,1
5,25,-0.12448918700551209,284,1
5,26,-5.787396335856064,170,1
5,27,-2.7484299582891034,299,1
5,28,-1.4781607209869787,220,1
5,29,3.892869758507083,276,1
5,30,2.4814966839595765,327,1
5,31,2.6746538940394693,225,1
5,32,-18.510872945813524,248,0
5,33,-12.729660267597698,91,0
5,34,-17.345298087310884,160,0
5,35,-10.008316025457558,317,0
5,36,-1.496684286655702,268,1
5,37,-20.349492687654916,298,1
5,38,3.434448935892504,208,1
5,39,-16.736400866062656,85,0
5,40,-10.029667387546958,221,0
5,41,-23.280677666747724,36,0
5,42,-1.3939536349186108,301,1
5,43,-10.574067453178316,317,1
5,44,-28.755619504512968,53,0
5,45,-15.33729857655685,100,0
5,46,-18.045394271664424,48,0
5,47,-12.156523070298624,146,0
5,48,-8.555794910356143,295,0
5,49,-20.88904893351223,50,0
5,50,-24.078657013616365,70,0
5,51,-10.348144878303316,457,1
5,52,-6.701396903381879,306,1
5,53,-2.366540998739726,283,1
5,54,-23.758469237291568,35,0
5,55,-18.64692029267229,70,0
5,56,-25.554121739344914,45,0
5,57,-25.308560350098265,75,0
5,58,-16.227793009010337,138,0
5,59,-24.49384549444089,35,0
5,60,-0.35537830662972847,225,1
5,61,-18.002654564062826,228,1
5,62,0.9429719112915156,219,1
5,63,-22.707736468448484,48,0
5,64,-0.3271971575826708,490,1
5,65,-14.128089744844065,89,0
5,66,-1.1374584066027724,230,1
5,67,-22.61904711153955,55,0
5,68,-17.297790328781517,57,0
5,69,-1.3999432455702276,244,1
5,70,-21.458133093426703,51,0
5,71,-19.509244878908827,254,0
5,72,-15.64978608430435,72,0
5,73,-1.1570723504252725,250,1
5,74,-12.554122442129433,111,0
5,75,-9.037623937661719,589,0
5,76,3.5442512053232864,349,1
5,77,0.13588175234160146,253,1
5,78,-10.448275128575725,294,1
5,79,-27.164351107543254,37,0
5,80,-3.9239605086962297,300,1
5,81,-0.5613487818324526,233,1
5,82,-0.48682709496585697,293,1
5,83,-17.405874125206505,97,0
5,84,1.7746358430198694,219,1
5,85,-8.41253122381296,312,1
5,86,-23.033638305446345,37,0
5,87,0.2508741773938752,295,1
5,88,2.6497727878146,197,1
5,89,-21.956055593443313,51,0
5,90,0.01012101708547497,878,1
5,91,2.240716164930582,256,1
5,92,-9.9445576349503,304,0
5,93,-8.416855509656017,188,0
5,94,-19.76311768183347,41,0
5,95,-0.43270854291584837,234,1
5,96,-8.87345131081589,269,1
5,97,0.05935666937073663,287,1
5,98,0.5593922553378092,300,1
5,99,-14.792194472760812,103,0
10,0,1.1975103259724063,221,1
10,1,-8.896756740167328,205,0
10,2,0.11590512509123416,259,1
10,3,2.0803885146983236,276,1
10,4,-14.623098159440426,90,0
10,5,3.321752955979801,248,1
10,6,3.1784140069705185,172,1
10,7,1.8113430286050338,151,1
10,8,-20.810231890734144,52,0
10,9,-20.060185031506485,45,0
10,10,-22.127755132462024,62,0
10,11,2.5925799629763717,241,1
10,12,-8.352923591093386,297,1
10,13,-18.92496124195774,46,0
10,14,-6.837792269362741,250,0
10,15,-14.0300132267741,236,1
10,16,-2.954652698032547,243,1
10,17,-23.86152214250264,62,0
10,18,-0.09135087783349925,187,1
10,19,0.11085226700978179,279,1
10,20,-21.108498345794942,63,0
10,21,-7.7835874550333,353,0
10,22,-1.0576846166982146,205,1
10,23,2.955681953961414,353,1
10,24,-30.06509956537282,77,0
10,25,-26.58013472132461,170,0
10,26,-0.1289561662259878,272,1
10,27,-12.127885377974986,300,0
10,28,3.142494475845369,267,1
10,29,-0.8921282561985424,246,1
10,30,-5.163166094682066,389,1
10,31,-4.601851078054746,228,1
10,32,-21.89535063652715,43,0
10,33,-1.8110010549907862,413,1
10,34,-20.387732981990833,133,0
10,35,-9.310224324478163,312,1
10,36,0.9550894078112727,207,1
10,37,-6.337923628046106,245,0
10,38,-17.26418708857673,56,0
10,39,2.188548404919526,194,1
10,40,-23.904909763395633,69,0
10,41,-12.555100109284036,243,0
10,42,0.6118324337378569,477,0
10,43,-7.124335206181338,190,0
10,44,2.768670671650475,273,1
10,45,-6.248776235553717,304,1
10,46,-3.8620028615157436,317,1
10,47,-17.449162307578998,80,0
10,48,0.3337726811446448,189,1
10,49,0.6530059312270133,372,1
10,50,-0.8120286702583289,246,1
10,51,-15.876245785736247,61,0
10,52,0.26546426240993465,226,1
10,53,-5.308557380077259,328,1
10,54,-22.00360379514501,40,0
10,55,-2.4076917427674713,264,1
10,56,-0.34842975496732054,246,1
10,57,-5.374565270015405,346,0
10,58,-12.8430272632581,229,0
10,59,-22.291943672858107,78,0
10,60,0.48974119199535937,274,1
10,61,-8.49817324969448,245,1
10,62,-22.903314777720077,36,0
10,63,3.422828931988267,244,1
10,64,-7.557507871243905,410,0
10,65,-4.4754511111769,357,1
10,66,-1.3537671811084566,295,1
10,67,-18.095757047778392,111,0
10,68,-19.916410344352688,47,0
10,69,0.9290453287445389,237,1
10,70,-9.085519340109975,349,1
10,71,-22.595196000091647,70,0
10,72,-2.342959180684908,204,1
10,73,1.3954616809368883,160,1
10,74,-5.5430457053230064,325,1
10,75,-25.647133580994957,117,0
10,76,-13.734168334323268,424,1
10,77,-10.340655863967894,307,1
10,78,-16.48359711365047,339,1
10,79,-17.09943634842412,159,0
10,80,-20.322675562026973,69,0
10,81,1.1304524034738177,258,1
10,82,0.00410925199938182,336,1
10,83,2.345766490516078,221,1
10,84,-8.917518343793665,261,0
10,85,-15.07302430453201,181,0
10,86,2.2265644661219035,213,1
10,87,1.7577679697607547,205,1
10,88,0.9253228145157417,238,1
10,89,-2.0064208082520287,333,1
10,90,-9.594329023331332,450,1
10,91,-13.220386243225075,296,0
10,92,-26.52190397332296,50,0
10,93,-19.779032138664768,74,0
10,94,-28.531307221238773,62,0
10,95,-22.681808258332584,43,0
10,96,2.54061565047892,182,1
10,97,1.522918848210357,165,1
10,98,-4.06716498063381,359,1
10,99,-14.914645726374623,111,0
15,0,-7.363825180311477,299,1
15,1,-9.916513758501608,515,1
15,2,1.1745482147521356,184,1
15,3,-13.617680559947926,112,0
15,4,-1.1460368199778888,253,1
15,5,-4.163044586426065,231,1
15,6,-19.842512371722115,239,0
15,7,-26.132298242450375,64,0
15,8,-0.5218791961356878,211,1
15,9,-17.809959035001267,55,0
15,10,-1.3562173287611599,180,1
15,11,-17.53056819394077,69,0
15,12,1.0389158503420726,245,1
15,13,-8.156865739981512,196,0
15,14,2.9334864705414914,201,1
15,15,-3.2604302496219004,267,1
15,16,-19.153119263533654,51,0
15,17,-6.3310567047778585,202,0
15,18,-7.526041936115183,362,1
15,19,0.49599017096469766,271,1
15,20,-7.6024921605935845,319,1
15,21,-2.082233954073261,261,0
15,22,-8.229766165228533,157,0
15,23,-0.46906504442876096,213,1
15,24,-16.71663513551139,336,0
15,25,2.5875600890203425,198,1
15,26,-21.204147700373927,37,0
15,27,1.4246163537813576,198,1
15,28,1.0565853965093899,264,1
15,29,2.396389169760089,178,1
15,30,4.997193394421719,222,1
15,31,-16.40848814433388,62,0
15,32,-4.369355536146684,314,1
15,33,-5.9549207665950705,270,0
15,34,-28.39155592862813,63,0
15,35,-10.349107051283816,155,0
15,36,-18.528629181443637,70,0
15,37,-22.1833338040497,57,0
15,38,-18.632253342026665,46,0
15,39,-1.0996756516303716,202,1
15,40,-5.578507738843305,267,1
15,41,-9.535733073894049,162,0
15,42,3.1696260055869585,255,1
15,43,-11.95892680981693,256,0
15,44,-15.477942884437907,134,0
15,45,2.206522221829169,241,1
15,46,-16.587148503025777,119,0
15,47,-0.3246944809866556,199,1
15,48,-7.895259184523125,301,1
15,49,-4.93093023845518,418,1
15,50,-6.363003293138234,340,0
15,51,-23.001290549055945,33,0
15,52,-0.5530645582512063,220,1
15,53,-6.60187411516011,183,1
15,54,-1.2467341008977695,200,0
15,55,1.9757704617169516,191,1
15,56,-7.439804963294852,244,0
15,57,-3.6669700568706016,187,1
15,58,-23.497655432703475,60,0
15,59,-24.421060552636316,37,0
15,60,1.3586808101739765,249,1
15,61,-5.666887633534436,206,0
15,62,-5.362614626096442,299,1
15,63,-14.726820043160062,77,0
15,64,-0.06982948792751703,234,1
15,65,-22.203756711636785,80,0
15,66,-1.733244764176171,257,1
15,67,-17.278646282965358,98,0
15,68,-3.2562783090733705,357,1
15,69,-8.842113313766756,248,0
15,70,0.06992605895004496,291,1
15,71,-1.7052450633184917,773,1
15,72,-12.210210706677849,107,0
15,73,3.611279901706743,160,1
15,74,-23.26622620134825,75,0
15,75,-28.815644353208228,40,0
15,76,-0.5333299902348252,174,1
15,77,-5.682585131646283,231,1
15,78,-10.914432923977168,335,1
15,79,-22.12978445573738,96,0
15,80,-10.743016395772386,310,1
15,81,-22.29915233307111,45,0
15,82,1.2716793937794,265,1
15,83,5.479873116349387,252,1
15,84,-4.198143299501599,368,0
15,85,-14.742442319895211,206,0
15,86,-3.9320162214989822,349,1
15,87,-24.42793726055267,82,0
15,88,-9.676610770128589,286,1
15,89,0.7215477002149482,170,1
15,90,-9.650836734463127,180,0
15,91,-0.5327173420406944,193,1
15,92,-21.247253913211694,52,0
15,93,-20.49972316964159,66,0
15,94,-19.285979972321147,237,0
15,95,0.4221817687208081,229,1
15,96,0.8028903254337898,242,1
15,97,-25.04221306972827,40,0
15,98,-24.030874175554928,53,0
15,99,-23.152011116849906,52,0
